<?xml version="1.0" encoding="UTF-8"?>
<robot generator="Robot 3.2.1 (Python 3.8.3 on win32)" generated="20201103 22:14:42.820" rpa="false">
<suite id="s1" name="Checkbox" source="c:\qaninja\robot\Web\tests\checkbox.robot">
<test id="s1-t1" name="Marcando opção com id">
<kw name="Nova Sessão" library="base" type="setup">
<kw name="Open Browser" library="SeleniumLibrary">
<doc>Opens a new browser instance to the optional ``url``.</doc>
<arguments>
<arg>${url}</arg>
<arg>chrome</arg>
</arguments>
<msg timestamp="20201103 22:14:43.319" level="INFO">Opening browser 'chrome' to base url 'https://training-wheels-protocol.herokuapp.com/'.</msg>
<status status="PASS" starttime="20201103 22:14:43.319" endtime="20201103 22:15:17.234"></status>
</kw>
<status status="PASS" starttime="20201103 22:14:43.318" endtime="20201103 22:15:17.235"></status>
</kw>
<kw name="Go To" library="SeleniumLibrary">
<doc>Navigates the current browser window to the provided ``url``.</doc>
<arguments>
<arg>${url}/checkboxes</arg>
</arguments>
<msg timestamp="20201103 22:15:17.236" level="INFO">Opening url 'https://training-wheels-protocol.herokuapp.com//checkboxes'</msg>
<status status="PASS" starttime="20201103 22:15:17.236" endtime="20201103 22:15:17.824"></status>
</kw>
<kw name="Select Checkbox" library="SeleniumLibrary">
<doc>Selects the checkbox identified by ``locator``.</doc>
<arguments>
<arg>${check_thor}</arg>
</arguments>
<msg timestamp="20201103 22:15:17.825" level="INFO">Selecting checkbox 'id:thor'.</msg>
<status status="PASS" starttime="20201103 22:15:17.824" endtime="20201103 22:15:17.966"></status>
</kw>
<kw name="Checkbox Should Be Selected" library="SeleniumLibrary">
<doc>Verifies checkbox ``locator`` is selected/checked.</doc>
<arguments>
<arg>${check_thor}</arg>
</arguments>
<msg timestamp="20201103 22:15:17.968" level="INFO">Verifying checkbox 'id:thor' is selected.</msg>
<status status="PASS" starttime="20201103 22:15:17.967" endtime="20201103 22:15:18.002"></status>
</kw>
<kw name="Encerra Sessão" library="base" type="teardown">
<kw name="Capture Page Screenshot" library="SeleniumLibrary">
<doc>Takes a screenshot of the current page and embeds it into a log file.</doc>
<msg timestamp="20201103 22:15:18.472" level="INFO" html="yes">&lt;/td&gt;&lt;/tr&gt;&lt;tr&gt;&lt;td colspan="3"&gt;&lt;a href="selenium-screenshot-1.png"&gt;&lt;img src="selenium-screenshot-1.png" width="800px"&gt;&lt;/a&gt;</msg>
<status status="PASS" starttime="20201103 22:15:18.004" endtime="20201103 22:15:18.473"></status>
</kw>
<kw name="Close Browser" library="SeleniumLibrary">
<doc>Closes the current browser.</doc>
<status status="PASS" starttime="20201103 22:15:18.473" endtime="20201103 22:15:20.786"></status>
</kw>
<status status="PASS" starttime="20201103 22:15:18.003" endtime="20201103 22:15:20.786"></status>
</kw>
<status status="PASS" starttime="20201103 22:14:43.317" endtime="20201103 22:15:20.787" critical="yes"></status>
</test>
<test id="s1-t2" name="Marcando opção com CSS Selector">
<kw name="Nova Sessão" library="base" type="setup">
<kw name="Open Browser" library="SeleniumLibrary">
<doc>Opens a new browser instance to the optional ``url``.</doc>
<arguments>
<arg>${url}</arg>
<arg>chrome</arg>
</arguments>
<msg timestamp="20201103 22:15:20.791" level="INFO">Opening browser 'chrome' to base url 'https://training-wheels-protocol.herokuapp.com/'.</msg>
<status status="PASS" starttime="20201103 22:15:20.791" endtime="20201103 22:16:09.347"></status>
</kw>
<status status="PASS" starttime="20201103 22:15:20.790" endtime="20201103 22:16:09.348"></status>
</kw>
<kw name="Go To" library="SeleniumLibrary">
<doc>Navigates the current browser window to the provided ``url``.</doc>
<arguments>
<arg>${url}/checkboxes</arg>
</arguments>
<msg timestamp="20201103 22:16:09.350" level="INFO">Opening url 'https://training-wheels-protocol.herokuapp.com//checkboxes'</msg>
<status status="PASS" starttime="20201103 22:16:09.349" endtime="20201103 22:16:09.932"></status>
</kw>
<kw name="Select Checkbox" library="SeleniumLibrary">
<doc>Selects the checkbox identified by ``locator``.</doc>
<arguments>
<arg>${check_iron}</arg>
</arguments>
<msg timestamp="20201103 22:16:09.933" level="INFO">Selecting checkbox 'css:input[value='iron-man']'.</msg>
<status status="PASS" starttime="20201103 22:16:09.933" endtime="20201103 22:16:10.054"></status>
</kw>
<kw name="Checkbox Should Be Selected" library="SeleniumLibrary">
<doc>Verifies checkbox ``locator`` is selected/checked.</doc>
<arguments>
<arg>${check_iron}</arg>
</arguments>
<msg timestamp="20201103 22:16:10.056" level="INFO">Verifying checkbox 'css:input[value='iron-man']' is selected.</msg>
<status status="PASS" starttime="20201103 22:16:10.055" endtime="20201103 22:16:10.087"></status>
</kw>
<kw name="Encerra Sessão" library="base" type="teardown">
<kw name="Capture Page Screenshot" library="SeleniumLibrary">
<doc>Takes a screenshot of the current page and embeds it into a log file.</doc>
<msg timestamp="20201103 22:16:10.427" level="INFO" html="yes">&lt;/td&gt;&lt;/tr&gt;&lt;tr&gt;&lt;td colspan="3"&gt;&lt;a href="selenium-screenshot-2.png"&gt;&lt;img src="selenium-screenshot-2.png" width="800px"&gt;&lt;/a&gt;</msg>
<status status="PASS" starttime="20201103 22:16:10.089" endtime="20201103 22:16:10.427"></status>
</kw>
<kw name="Close Browser" library="SeleniumLibrary">
<doc>Closes the current browser.</doc>
<status status="PASS" starttime="20201103 22:16:10.427" endtime="20201103 22:16:12.703"></status>
</kw>
<status status="PASS" starttime="20201103 22:16:10.088" endtime="20201103 22:16:12.703"></status>
</kw>
<status status="PASS" starttime="20201103 22:15:20.789" endtime="20201103 22:16:12.704" critical="yes"></status>
</test>
<test id="s1-t3" name="Marcando opção com Xpath">
<kw name="Nova Sessão" library="base" type="setup">
<kw name="Open Browser" library="SeleniumLibrary">
<doc>Opens a new browser instance to the optional ``url``.</doc>
<arguments>
<arg>${url}</arg>
<arg>chrome</arg>
</arguments>
<msg timestamp="20201103 22:16:12.709" level="INFO">Opening browser 'chrome' to base url 'https://training-wheels-protocol.herokuapp.com/'.</msg>
<status status="PASS" starttime="20201103 22:16:12.708" endtime="20201103 22:16:31.253"></status>
</kw>
<status status="PASS" starttime="20201103 22:16:12.707" endtime="20201103 22:16:31.253"></status>
</kw>
<kw name="Go To" library="SeleniumLibrary">
<doc>Navigates the current browser window to the provided ``url``.</doc>
<arguments>
<arg>${url}/checkboxes</arg>
</arguments>
<msg timestamp="20201103 22:16:31.255" level="INFO">Opening url 'https://training-wheels-protocol.herokuapp.com//checkboxes'</msg>
<status status="PASS" starttime="20201103 22:16:31.254" endtime="20201103 22:16:31.745"></status>
</kw>
<kw name="Select Checkbox" library="SeleniumLibrary">
<doc>Selects the checkbox identified by ``locator``.</doc>
<arguments>
<arg>${check_panther}</arg>
</arguments>
<msg timestamp="20201103 22:16:31.748" level="INFO">Selecting checkbox 'xpath://*[@id='checkboxes']/input[7]'.</msg>
<status status="PASS" starttime="20201103 22:16:31.748" endtime="20201103 22:16:31.909"></status>
</kw>
<kw name="Checkbox Should Be Selected" library="SeleniumLibrary">
<doc>Verifies checkbox ``locator`` is selected/checked.</doc>
<arguments>
<arg>${check_panther}</arg>
</arguments>
<msg timestamp="20201103 22:16:31.910" level="INFO">Verifying checkbox 'xpath://*[@id='checkboxes']/input[7]' is selected.</msg>
<status status="PASS" starttime="20201103 22:16:31.909" endtime="20201103 22:16:31.952"></status>
</kw>
<kw name="Encerra Sessão" library="base" type="teardown">
<kw name="Capture Page Screenshot" library="SeleniumLibrary">
<doc>Takes a screenshot of the current page and embeds it into a log file.</doc>
<msg timestamp="20201103 22:16:32.318" level="INFO" html="yes">&lt;/td&gt;&lt;/tr&gt;&lt;tr&gt;&lt;td colspan="3"&gt;&lt;a href="selenium-screenshot-3.png"&gt;&lt;img src="selenium-screenshot-3.png" width="800px"&gt;&lt;/a&gt;</msg>
<status status="PASS" starttime="20201103 22:16:31.954" endtime="20201103 22:16:32.318"></status>
</kw>
<kw name="Close Browser" library="SeleniumLibrary">
<doc>Closes the current browser.</doc>
<status status="PASS" starttime="20201103 22:16:32.319" endtime="20201103 22:16:34.621"></status>
</kw>
<status status="PASS" starttime="20201103 22:16:31.953" endtime="20201103 22:16:34.621"></status>
</kw>
<tags>
<tag>blackpanther</tag>
</tags>
<status status="PASS" starttime="20201103 22:16:12.706" endtime="20201103 22:16:34.622" critical="yes"></status>
</test>
<status status="PASS" starttime="20201103 22:14:42.825" endtime="20201103 22:16:34.626"></status>
</suite>
<statistics>
<total>
<stat pass="3" fail="0">Critical Tests</stat>
<stat pass="3" fail="0">All Tests</stat>
</total>
<tag>
<stat pass="1" fail="0">blackpanther</stat>
</tag>
<suite>
<stat pass="3" fail="0" id="s1" name="Checkbox">Checkbox</stat>
</suite>
</statistics>
<errors>
</errors>
</robot>
