<?xml version="1.0" encoding="UTF-8"?>
<robot generator="Robot 3.2.1 (Python 3.8.3 on win32)" generated="20201103 22:39:32.053" rpa="false">
<suite id="s1" name="Radio" source="c:\qaninja\robot\Web\tests\radio.robot">
<test id="s1-t1" name="Selecionando por Id">
<kw name="Nova Sessão" library="base" type="setup">
<kw name="Open Browser" library="SeleniumLibrary">
<doc>Opens a new browser instance to the optional ``url``.</doc>
<arguments>
<arg>${url}</arg>
<arg>chrome</arg>
</arguments>
<msg timestamp="20201103 22:39:32.533" level="INFO">Opening browser 'chrome' to base url 'https://training-wheels-protocol.herokuapp.com/'.</msg>
<status status="PASS" starttime="20201103 22:39:32.533" endtime="20201103 22:40:41.000"></status>
</kw>
<status status="PASS" starttime="20201103 22:39:32.532" endtime="20201103 22:40:41.001"></status>
</kw>
<kw name="Go To" library="SeleniumLibrary">
<doc>Navigates the current browser window to the provided ``url``.</doc>
<arguments>
<arg>${url}/radios</arg>
</arguments>
<msg timestamp="20201103 22:40:41.003" level="INFO">Opening url 'https://training-wheels-protocol.herokuapp.com//radios'</msg>
<status status="PASS" starttime="20201103 22:40:41.002" endtime="20201103 22:40:52.023"></status>
</kw>
<kw name="Select Radio Button" library="SeleniumLibrary">
<doc>Sets the radio button group ``group_name`` to ``value``.</doc>
<arguments>
<arg>movies</arg>
<arg>cap</arg>
</arguments>
<msg timestamp="20201103 22:40:52.024" level="INFO">Selecting 'cap' from radio button 'movies'.</msg>
<status status="PASS" starttime="20201103 22:40:52.023" endtime="20201103 22:40:52.143"></status>
</kw>
<kw name="Radio Button Should Be Set To" library="SeleniumLibrary">
<doc>Verifies radio button group ``group_name`` is set to ``value``.</doc>
<arguments>
<arg>movies</arg>
<arg>cap</arg>
</arguments>
<msg timestamp="20201103 22:40:52.145" level="INFO">Verifying radio button 'movies' has selection 'cap'.</msg>
<status status="PASS" starttime="20201103 22:40:52.144" endtime="20201103 22:40:52.186"></status>
</kw>
<kw name="Encerra Sessão" library="base" type="teardown">
<kw name="Capture Page Screenshot" library="SeleniumLibrary">
<doc>Takes a screenshot of the current page and embeds it into a log file.</doc>
<msg timestamp="20201103 22:40:52.510" level="INFO" html="yes">&lt;/td&gt;&lt;/tr&gt;&lt;tr&gt;&lt;td colspan="3"&gt;&lt;a href="selenium-screenshot-3.png"&gt;&lt;img src="selenium-screenshot-3.png" width="800px"&gt;&lt;/a&gt;</msg>
<status status="PASS" starttime="20201103 22:40:52.188" endtime="20201103 22:40:52.511"></status>
</kw>
<kw name="Close Browser" library="SeleniumLibrary">
<doc>Closes the current browser.</doc>
<status status="PASS" starttime="20201103 22:40:52.511" endtime="20201103 22:40:54.969"></status>
</kw>
<status status="PASS" starttime="20201103 22:40:52.187" endtime="20201103 22:40:54.969"></status>
</kw>
<status status="PASS" starttime="20201103 22:39:32.530" endtime="20201103 22:40:54.970" critical="yes"></status>
</test>
<test id="s1-t2" name="Selecionando por Value">
<kw name="Nova Sessão" library="base" type="setup">
<kw name="Open Browser" library="SeleniumLibrary">
<doc>Opens a new browser instance to the optional ``url``.</doc>
<arguments>
<arg>${url}</arg>
<arg>chrome</arg>
</arguments>
<msg timestamp="20201103 22:40:54.974" level="INFO">Opening browser 'chrome' to base url 'https://training-wheels-protocol.herokuapp.com/'.</msg>
<status status="PASS" starttime="20201103 22:40:54.974" endtime="20201103 22:41:42.277"></status>
</kw>
<status status="PASS" starttime="20201103 22:40:54.973" endtime="20201103 22:41:42.278"></status>
</kw>
<kw name="Go To" library="SeleniumLibrary">
<doc>Navigates the current browser window to the provided ``url``.</doc>
<arguments>
<arg>${url}/radios</arg>
</arguments>
<msg timestamp="20201103 22:41:42.283" level="INFO">Opening url 'https://training-wheels-protocol.herokuapp.com//radios'</msg>
<status status="PASS" starttime="20201103 22:41:42.282" endtime="20201103 22:41:59.621"></status>
</kw>
<kw name="Select Radio Button" library="SeleniumLibrary">
<doc>Sets the radio button group ``group_name`` to ``value``.</doc>
<arguments>
<arg>movies</arg>
<arg>guardians</arg>
</arguments>
<msg timestamp="20201103 22:41:59.622" level="INFO">Selecting 'guardians' from radio button 'movies'.</msg>
<status status="PASS" starttime="20201103 22:41:59.622" endtime="20201103 22:41:59.736"></status>
</kw>
<kw name="Radio Button Should Be Set To" library="SeleniumLibrary">
<doc>Verifies radio button group ``group_name`` is set to ``value``.</doc>
<arguments>
<arg>movies</arg>
<arg>guardians</arg>
</arguments>
<msg timestamp="20201103 22:41:59.737" level="INFO">Verifying radio button 'movies' has selection 'guardians'.</msg>
<status status="PASS" starttime="20201103 22:41:59.737" endtime="20201103 22:41:59.825"></status>
</kw>
<kw name="Encerra Sessão" library="base" type="teardown">
<kw name="Capture Page Screenshot" library="SeleniumLibrary">
<doc>Takes a screenshot of the current page and embeds it into a log file.</doc>
<msg timestamp="20201103 22:42:00.178" level="INFO" html="yes">&lt;/td&gt;&lt;/tr&gt;&lt;tr&gt;&lt;td colspan="3"&gt;&lt;a href="selenium-screenshot-4.png"&gt;&lt;img src="selenium-screenshot-4.png" width="800px"&gt;&lt;/a&gt;</msg>
<status status="PASS" starttime="20201103 22:41:59.826" endtime="20201103 22:42:00.178"></status>
</kw>
<kw name="Close Browser" library="SeleniumLibrary">
<doc>Closes the current browser.</doc>
<status status="PASS" starttime="20201103 22:42:00.179" endtime="20201103 22:42:02.493"></status>
</kw>
<status status="PASS" starttime="20201103 22:41:59.826" endtime="20201103 22:42:02.493"></status>
</kw>
<status status="PASS" starttime="20201103 22:40:54.972" endtime="20201103 22:42:02.494" critical="yes"></status>
</test>
<status status="PASS" starttime="20201103 22:39:32.057" endtime="20201103 22:42:02.496"></status>
</suite>
<statistics>
<total>
<stat pass="2" fail="0">Critical Tests</stat>
<stat pass="2" fail="0">All Tests</stat>
</total>
<tag>
</tag>
<suite>
<stat pass="2" fail="0" id="s1" name="Radio">Radio</stat>
</suite>
</statistics>
<errors>
</errors>
</robot>
