<?xml version="1.0" encoding="UTF-8"?>
<robot generator="Robot 3.2.1 (Python 3.8.3 on win32)" generated="20201104 20:34:59.514" rpa="false">
<suite id="s1" name="Tables" source="c:\qaninja\robot\Web\tests\tables.robot">
<test id="s1-t1" name="Verifica o valor ao informar o numero da linha">
<kw name="Nova Sessão" library="base" type="setup">
<kw name="Open Browser" library="SeleniumLibrary">
<doc>Opens a new browser instance to the optional ``url``.</doc>
<arguments>
<arg>${url}</arg>
<arg>chrome</arg>
</arguments>
<msg timestamp="20201104 20:34:59.994" level="INFO">Opening browser 'chrome' to base url 'https://training-wheels-protocol.herokuapp.com/'.</msg>
<status status="PASS" starttime="20201104 20:34:59.993" endtime="20201104 20:35:05.968"></status>
</kw>
<status status="PASS" starttime="20201104 20:34:59.993" endtime="20201104 20:35:05.969"></status>
</kw>
<kw name="Go To" library="SeleniumLibrary">
<doc>Navigates the current browser window to the provided ``url``.</doc>
<arguments>
<arg>${url}/tables</arg>
</arguments>
<msg timestamp="20201104 20:35:05.970" level="INFO">Opening url 'https://training-wheels-protocol.herokuapp.com//tables'</msg>
<status status="PASS" starttime="20201104 20:35:05.969" endtime="20201104 20:35:06.563"></status>
</kw>
<kw name="Table Row Should Contain" library="SeleniumLibrary">
<doc>Verifies that table row contains text ``expected``.</doc>
<arguments>
<arg>id:actors</arg>
<arg>1</arg>
<arg>@robertdowneyjr</arg>
</arguments>
<status status="PASS" starttime="20201104 20:35:06.565" endtime="20201104 20:35:06.716"></status>
</kw>
<kw name="Encerra Sessão" library="base" type="teardown">
<kw name="Capture Page Screenshot" library="SeleniumLibrary">
<doc>Takes a screenshot of the current page and embeds it into a log file.</doc>
<msg timestamp="20201104 20:35:07.063" level="INFO" html="yes">&lt;/td&gt;&lt;/tr&gt;&lt;tr&gt;&lt;td colspan="3"&gt;&lt;a href="selenium-screenshot-6.png"&gt;&lt;img src="selenium-screenshot-6.png" width="800px"&gt;&lt;/a&gt;</msg>
<status status="PASS" starttime="20201104 20:35:06.718" endtime="20201104 20:35:07.063"></status>
</kw>
<kw name="Close Browser" library="SeleniumLibrary">
<doc>Closes the current browser.</doc>
<status status="PASS" starttime="20201104 20:35:07.064" endtime="20201104 20:35:09.310"></status>
</kw>
<status status="PASS" starttime="20201104 20:35:06.717" endtime="20201104 20:35:09.310"></status>
</kw>
<status status="PASS" starttime="20201104 20:34:59.991" endtime="20201104 20:35:09.311" critical="yes"></status>
</test>
<test id="s1-t2" name="Descobre a linha pelo texto chave e valida os demais valores">
<kw name="Nova Sessão" library="base" type="setup">
<kw name="Open Browser" library="SeleniumLibrary">
<doc>Opens a new browser instance to the optional ``url``.</doc>
<arguments>
<arg>${url}</arg>
<arg>chrome</arg>
</arguments>
<msg timestamp="20201104 20:35:09.317" level="INFO">Opening browser 'chrome' to base url 'https://training-wheels-protocol.herokuapp.com/'.</msg>
<status status="PASS" starttime="20201104 20:35:09.316" endtime="20201104 20:35:15.252"></status>
</kw>
<status status="PASS" starttime="20201104 20:35:09.316" endtime="20201104 20:35:15.253"></status>
</kw>
<kw name="Go To" library="SeleniumLibrary">
<doc>Navigates the current browser window to the provided ``url``.</doc>
<arguments>
<arg>${url}/tables</arg>
</arguments>
<msg timestamp="20201104 20:35:15.254" level="INFO">Opening url 'https://training-wheels-protocol.herokuapp.com//tables'</msg>
<status status="PASS" starttime="20201104 20:35:15.254" endtime="20201104 20:35:15.976"></status>
</kw>
<kw name="Get WebElement" library="SeleniumLibrary">
<doc>Returns the first WebElement matching the given ``locator``.</doc>
<arguments>
<arg>xpath:.//tr[contains(., '@chadwickboseman')]</arg>
</arguments>
<assign>
<var>${target}</var>
</assign>
<msg timestamp="20201104 20:35:16.001" level="INFO">${target} = &lt;selenium.webdriver.remote.webelement.WebElement (session="9c29e60d3cc9ecca04f56559f6c4246e", element="a14cb803-fe67-4b28-8e67-5b5be336bb3b")&gt;</msg>
<status status="PASS" starttime="20201104 20:35:15.977" endtime="20201104 20:35:16.001"></status>
</kw>
<kw name="Log" library="BuiltIn">
<doc>Logs the given message with the given level.</doc>
<arguments>
<arg>${target.text}</arg>
</arguments>
<msg timestamp="20201104 20:35:16.033" level="INFO">Chadwick Boseman Pantera Negra Vingadores $ 700.000 @chadwickboseman edit delete</msg>
<status status="PASS" starttime="20201104 20:35:16.002" endtime="20201104 20:35:16.033"></status>
</kw>
<kw name="Log To Console" library="BuiltIn">
<doc>Logs the given message to the console.</doc>
<arguments>
<arg>${target.text}</arg>
</arguments>
<status status="PASS" starttime="20201104 20:35:16.034" endtime="20201104 20:35:16.057"></status>
</kw>
<kw name="Should Contain" library="BuiltIn">
<doc>Fails if ``container`` does not contain ``item`` one or more times.</doc>
<arguments>
<arg>${target.text}</arg>
<arg>$ 700.000</arg>
</arguments>
<status status="PASS" starttime="20201104 20:35:16.058" endtime="20201104 20:35:16.079"></status>
</kw>
<kw name="Should Contain" library="BuiltIn">
<doc>Fails if ``container`` does not contain ``item`` one or more times.</doc>
<arguments>
<arg>${target.text}</arg>
<arg>Pantera Negra</arg>
</arguments>
<status status="PASS" starttime="20201104 20:35:16.079" endtime="20201104 20:35:16.101"></status>
</kw>
<kw name="Encerra Sessão" library="base" type="teardown">
<kw name="Capture Page Screenshot" library="SeleniumLibrary">
<doc>Takes a screenshot of the current page and embeds it into a log file.</doc>
<msg timestamp="20201104 20:35:16.499" level="INFO" html="yes">&lt;/td&gt;&lt;/tr&gt;&lt;tr&gt;&lt;td colspan="3"&gt;&lt;a href="selenium-screenshot-7.png"&gt;&lt;img src="selenium-screenshot-7.png" width="800px"&gt;&lt;/a&gt;</msg>
<status status="PASS" starttime="20201104 20:35:16.102" endtime="20201104 20:35:16.499"></status>
</kw>
<kw name="Close Browser" library="SeleniumLibrary">
<doc>Closes the current browser.</doc>
<status status="PASS" starttime="20201104 20:35:16.499" endtime="20201104 20:35:18.805"></status>
</kw>
<status status="PASS" starttime="20201104 20:35:16.102" endtime="20201104 20:35:18.805"></status>
</kw>
<status status="PASS" starttime="20201104 20:35:09.314" endtime="20201104 20:35:18.806" critical="yes"></status>
</test>
<status status="PASS" starttime="20201104 20:34:59.518" endtime="20201104 20:35:18.809"></status>
</suite>
<statistics>
<total>
<stat pass="2" fail="0">Critical Tests</stat>
<stat pass="2" fail="0">All Tests</stat>
</total>
<tag>
</tag>
<suite>
<stat pass="2" fail="0" id="s1" name="Tables">Tables</stat>
</suite>
</statistics>
<errors>
</errors>
</robot>
